0 verbose cli /home/ubuntu/.nvm/versions/node/v18.20.7/bin/node /home/ubuntu/.nvm/versions/node/v18.20.7/bin/npm
1 info using npm@10.8.2
2 info using node@v18.20.7
3 silly config load:file:/home/ubuntu/.nvm/versions/node/v18.20.7/lib/node_modules/npm/npmrc
4 silly config load:file:/home/ubuntu/.cache/typescript/5.6/.npmrc
5 silly config load:file:/home/ubuntu/.npmrc
6 silly config load:file:/home/ubuntu/.nvm/versions/node/v18.20.7/etc/npmrc
7 verbose title npm install types-registry@latest
8 verbose argv "install" "--ignore-scripts" "types-registry@latest"
9 verbose logfile logs-max:10 dir:/home/ubuntu/.npm/_logs/2025-03-24T07_10_01_887Z-
10 verbose logfile /home/ubuntu/.npm/_logs/2025-03-24T07_10_01_887Z-debug-0.log
11 silly packumentCache heap:514588672 maxSize:128647168 maxEntrySize:64323584
12 silly logfile start cleaning logs, removing 1 files
13 silly logfile done cleaning log files
14 silly packumentCache corgi:https://registry.npmjs.org/types-registry cache-miss
15 http fetch GET 200 https://registry.npmjs.org/types-registry 330ms (cache miss)
16 silly packumentCache corgi:https://registry.npmjs.org/types-registry set size:undefined disposed:false
17 silly idealTree buildDeps
18 silly fetch manifest types-registry@0.1.713
19 silly packumentCache full:https://registry.npmjs.org/types-registry cache-miss
20 http fetch GET 200 https://registry.npmjs.org/types-registry 97ms (cache miss)
21 silly packumentCache full:https://registry.npmjs.org/types-registry set size:undefined disposed:false
22 silly placeDep ROOT types-registry@0.1.713 OK for:  want: 0.1.713
23 silly reify moves {}
24 silly audit bulk request { 'types-registry': [ '0.1.713' ] }
25 silly tarball no local data for types-registry@https://registry.npmjs.org/types-registry/-/types-registry-0.1.713.tgz. Extracting by manifest.
26 http fetch GET 200 https://registry.npmjs.org/types-registry/-/types-registry-0.1.713.tgz 121ms (cache miss)
27 http fetch POST 200 https://registry.npmjs.org/-/npm/v1/security/advisories/bulk 192ms
28 silly audit report {}
29 silly ADD node_modules/types-registry
30 verbose cwd /home/ubuntu/.cache/typescript/5.6
31 verbose os Linux 6.8.0-1024-aws
32 verbose node v18.20.7
33 verbose npm  v10.8.2
34 verbose exit 0
35 info ok
